app/build/intermediates/manifest_merge_blame_file/release/manifest-merger-blame-release-report.txt
1<?xml version="1.0" encoding="utf-8"?>
2<manifest xmlns:android="http://schemas.android.com/apk/res/android"
3    package="com.example.computech"
4    android:versionCode="1"
5    android:versionName="1.0" >
6
7    <uses-sdk
8        android:minSdkVersion="21"
8-->src\main\AndroidManifest.xml
9        android:targetSdkVersion="32" />
9-->src\main\AndroidManifest.xml
10
11    <application
11-->src\main\AndroidManifest.xml:5:5-70:19
12        android:allowBackup="true"
12-->src\main\AndroidManifest.xml:6:9-35
13        android:appComponentFactory="android.support.v4.app.CoreComponentFactory"
13-->[com.android.support:support-compat:28.0.0] AndroidManifest.xml:22:18-91
14        android:dataExtractionRules="@xml/data_extraction_rules"
14-->src\main\AndroidManifest.xml:7:9-65
15        android:fullBackupContent="@xml/backup_rules"
15-->src\main\AndroidManifest.xml:8:9-54
16        android:icon="@mipmap/ic_launcher"
16-->src\main\AndroidManifest.xml:9:9-43
17        android:label="@string/app_name"
17-->src\main\AndroidManifest.xml:10:9-41
18        android:roundIcon="@mipmap/ic_launcher_round"
18-->src\main\AndroidManifest.xml:11:9-54
19        android:supportsRtl="true"
19-->src\main\AndroidManifest.xml:12:9-35
20        android:theme="@style/Theme.CompuTech" >
20-->src\main\AndroidManifest.xml:13:9-47
21        <activity
21-->src\main\AndroidManifest.xml:15:9-21:20
22            android:name="com.example.computech.UsuarioActivity"
22-->src\main\AndroidManifest.xml:16:13-44
23            android:exported="false" >
23-->src\main\AndroidManifest.xml:17:13-37
24            <meta-data
24-->src\main\AndroidManifest.xml:18:13-20:36
25                android:name="android.app.lib_name"
25-->src\main\AndroidManifest.xml:19:17-52
26                android:value="" />
26-->src\main\AndroidManifest.xml:20:17-33
27        </activity>
28        <activity
28-->src\main\AndroidManifest.xml:22:9-28:20
29            android:name="com.example.computech.AjustesActivity"
29-->src\main\AndroidManifest.xml:23:13-44
30            android:exported="false" >
30-->src\main\AndroidManifest.xml:24:13-37
31            <meta-data
31-->src\main\AndroidManifest.xml:18:13-20:36
32                android:name="android.app.lib_name"
32-->src\main\AndroidManifest.xml:19:17-52
33                android:value="" />
33-->src\main\AndroidManifest.xml:20:17-33
34        </activity>
35        <activity
35-->src\main\AndroidManifest.xml:29:9-35:20
36            android:name="com.example.computech.ComprarUsuarioActivity"
36-->src\main\AndroidManifest.xml:30:13-51
37            android:exported="false" >
37-->src\main\AndroidManifest.xml:31:13-37
38            <meta-data
38-->src\main\AndroidManifest.xml:18:13-20:36
39                android:name="android.app.lib_name"
39-->src\main\AndroidManifest.xml:19:17-52
40                android:value="" />
40-->src\main\AndroidManifest.xml:20:17-33
41        </activity>
42        <activity
42-->src\main\AndroidManifest.xml:36:9-42:20
43            android:name="com.example.computech.MenuActivity"
43-->src\main\AndroidManifest.xml:37:13-41
44            android:exported="false" >
44-->src\main\AndroidManifest.xml:38:13-37
45            <meta-data
45-->src\main\AndroidManifest.xml:18:13-20:36
46                android:name="android.app.lib_name"
46-->src\main\AndroidManifest.xml:19:17-52
47                android:value="" />
47-->src\main\AndroidManifest.xml:20:17-33
48        </activity>
49        <activity
49-->src\main\AndroidManifest.xml:43:9-49:20
50            android:name="com.example.computech.RegistrarUsuarioActivity"
50-->src\main\AndroidManifest.xml:44:13-53
51            android:exported="false" >
51-->src\main\AndroidManifest.xml:45:13-37
52            <meta-data
52-->src\main\AndroidManifest.xml:18:13-20:36
53                android:name="android.app.lib_name"
53-->src\main\AndroidManifest.xml:19:17-52
54                android:value="" />
54-->src\main\AndroidManifest.xml:20:17-33
55        </activity>
56        <activity
56-->src\main\AndroidManifest.xml:50:9-56:20
57            android:name="com.example.computech.InicioSesion"
57-->src\main\AndroidManifest.xml:51:13-41
58            android:exported="false" >
58-->src\main\AndroidManifest.xml:52:13-37
59            <meta-data
59-->src\main\AndroidManifest.xml:18:13-20:36
60                android:name="android.app.lib_name"
60-->src\main\AndroidManifest.xml:19:17-52
61                android:value="" />
61-->src\main\AndroidManifest.xml:20:17-33
62        </activity>
63        <activity
63-->src\main\AndroidManifest.xml:57:9-69:20
64            android:name="com.example.computech.MainActivity"
64-->src\main\AndroidManifest.xml:58:13-41
65            android:exported="true" >
65-->src\main\AndroidManifest.xml:59:13-36
66            <intent-filter>
66-->src\main\AndroidManifest.xml:60:13-64:29
67                <action android:name="android.intent.action.MAIN" />
67-->src\main\AndroidManifest.xml:61:17-69
67-->src\main\AndroidManifest.xml:61:25-66
68
69                <category android:name="android.intent.category.LAUNCHER" />
69-->src\main\AndroidManifest.xml:63:17-77
69-->src\main\AndroidManifest.xml:63:27-74
70            </intent-filter>
71
72            <meta-data
72-->src\main\AndroidManifest.xml:18:13-20:36
73                android:name="android.app.lib_name"
73-->src\main\AndroidManifest.xml:19:17-52
74                android:value="" />
74-->src\main\AndroidManifest.xml:20:17-33
75        </activity>
76    </application>
77
78</manifest>